<?xml version="1.0" encoding="UTF-8"?>
<!-- Generated by org.testng.reporters.JUnitReportReporter -->
<testsuite hostname="HP-PC" failures="0" tests="3" name="utils.ExcelDataProvider" time="12.469" errors="0" timestamp="2022-06-16T14:12:02 IST" skipped="0">
  <testcase classname="utils.ExcelDataProvider" name="test1" time="3.000"/>
  <system-out/>
  <testcase classname="utils.ExcelDataProvider" name="test1" time="6.288"/>
  <system-out/>
  <testcase classname="utils.ExcelDataProvider" name="test1" time="3.181"/>
  <system-out/>
</testsuite> <!-- utils.ExcelDataProvider -->
