<?xml version="1.0" encoding="UTF-8"?>
<!-- Generated by org.testng.reporters.JUnitReportReporter -->
<testsuite hostname="HP-PC" failures="0" tests="2" name="demo.TestNGMultiBrowserDemo" time="17.101" errors="0" timestamp="2022-06-18T12:04:40 IST" skipped="0">
  <testcase classname="demo.TestNGMultiBrowserDemo" name="test1" time="7.932"/>
  <system-out/>
  <testcase classname="demo.TestNGMultiBrowserDemo" name="test1" time="9.169"/>
  <system-out/>
</testsuite> <!-- demo.TestNGMultiBrowserDemo -->
