<?xml version="1.0" encoding="UTF-8"?>
<!-- Generated by org.testng.reporters.JUnitReportReporter -->
<testsuite hostname="HP-PC" failures="0" tests="4" name="demo.TestNGParametersDemo" time="0.021" errors="0" timestamp="2022-06-18T12:41:30 IST" skipped="0">
  <testcase classname="demo.TestNGParametersDemo" name="test3" time="0.014"/>
  <system-out/>
  <testcase classname="demo.TestNGParametersDemo" name="test4" time="0.002"/>
  <system-out/>
  <testcase classname="demo.TestNGParametersDemo" name="test1" time="0.003"/>
  <system-out/>
  <testcase classname="demo.TestNGParametersDemo" name="test2" time="0.002"/>
  <system-out/>
</testsuite> <!-- demo.TestNGParametersDemo -->
