<?xml version="1.0" encoding="UTF-8"?>
<!-- Generated by org.testng.reporters.JUnitReportReporter -->
<testsuite hostname="HP-PC" failures="0" tests="3" name="demo.TestNGPriorityDemo" time="0.023" errors="0" timestamp="2022-06-18T11:21:58 IST" skipped="0">
  <testcase classname="demo.TestNGPriorityDemo" name="Test3" time="0.016"/>
  <system-out/>
  <testcase classname="demo.TestNGPriorityDemo" name="Test1" time="0.004"/>
  <system-out/>
  <testcase classname="demo.TestNGPriorityDemo" name="Test2" time="0.003"/>
  <system-out/>
</testsuite> <!-- demo.TestNGPriorityDemo -->
