<?xml version="1.0" encoding="UTF-8"?>
<!-- Generated by org.testng.reporters.JUnitReportReporter -->
<testsuite hostname="HP-PC" failures="0" tests="1" name="Test.TestNG_Demo" time="7.343" errors="0" timestamp="2022-06-15T14:42:46 IST" skipped="0">
  <testcase classname="Test.TestNG_Demo" name="googleSearch" time="7.343"/>
  <system-out/>
</testsuite> <!-- Test.TestNG_Demo -->
