<?xml version="1.0" encoding="UTF-8"?>
<!-- Generated by org.testng.reporters.JUnitReportReporter -->
<testsuite hostname="HP-PC" failures="0" tests="3" name="demo.TestNGDependencyDemo" time="0.017" errors="0" timestamp="2022-06-18T12:49:24 IST" skipped="0">
  <testcase classname="demo.TestNGDependencyDemo" name="test1" time="0.001"/>
  <system-out/>
  <testcase classname="demo.TestNGDependencyDemo" name="test3" time="0.003"/>
  <system-out/>
  <testcase classname="demo.TestNGDependencyDemo" name="test2" time="0.013"/>
  <system-out/>
</testsuite> <!-- demo.TestNGDependencyDemo -->
