<?xml version="1.0" encoding="UTF-8"?>
<!-- Generated by org.testng.reporters.JUnitReportReporter -->
<testsuite hostname="HP-PC" failures="0" tests="1" name="Test.Twitter" time="23.220" errors="0" timestamp="2022-06-19T16:22:06 IST" skipped="0">
  <testcase classname="Test.Twitter" name="testTwitter" time="23.220"/>
  <system-out/>
</testsuite> <!-- Test.Twitter -->
